{"type":"server-started","port":49529,"host":"127.0.0.1","url_host":"localhost","url":"http://localhost:49529","screen_dir":"/Users/yunhaiee/Documents/GitHub/dochakWebsite/.superpowers/brainstorm/26159-1778682462/content","state_dir":"/Users/yunhaiee/Documents/GitHub/dochakWebsite/.superpowers/brainstorm/26159-1778682462/state"}
{"type":"screen-added","file":"/Users/yunhaiee/Documents/GitHub/dochakWebsite/.superpowers/brainstorm/26159-1778682462/content/welcome.html"}
{"type":"screen-updated","file":"/Users/yunhaiee/Documents/GitHub/dochakWebsite/.superpowers/brainstorm/26159-1778682462/content/welcome.html"}
{"type":"screen-updated","file":"/Users/yunhaiee/Documents/GitHub/dochakWebsite/.superpowers/brainstorm/26159-1778682462/content/welcome.html"}
{"type":"screen-updated","file":"/Users/yunhaiee/Documents/GitHub/dochakWebsite/.superpowers/brainstorm/26159-1778682462/content/welcome.html"}
{"type":"screen-updated","file":"/Users/yunhaiee/Documents/GitHub/dochakWebsite/.superpowers/brainstorm/26159-1778682462/content/welcome.html"}
{"type":"screen-added","file":"/Users/yunhaiee/Documents/GitHub/dochakWebsite/.superpowers/brainstorm/26159-1778682462/content/layout-options.html"}
{"type":"screen-updated","file":"/Users/yunhaiee/Documents/GitHub/dochakWebsite/.superpowers/brainstorm/26159-1778682462/content/layout-options.html"}
{"type":"screen-updated","file":"/Users/yunhaiee/Documents/GitHub/dochakWebsite/.superpowers/brainstorm/26159-1778682462/content/layout-options.html"}
{"type":"screen-updated","file":"/Users/yunhaiee/Documents/GitHub/dochakWebsite/.superpowers/brainstorm/26159-1778682462/content/layout-options.html"}
{"source":"user-event","type":"click","text":"DOCHAK\n      Smarter cities.Seamless mobility.\n      ↓ SCROLL\n    \n    A · Centered\n    Apple / cinematic\n    Wordmark top, headline center, scroll cue bottom. Pure focus on the video. No CTA — discovery via scroll.","choice":"A","id":null,"timestamp":1778683015964}
{"type":"screen-updated","file":"/Users/yunhaiee/Documents/GitHub/dochakWebsite/.superpowers/brainstorm/26159-1778682462/content/layout-options.html"}
{"source":"user-event","type":"click","text":"DOCHAK\n      Smarter cities.Seamless mobility.\n      ↓ SCROLL\n    \n    A · Centered\n    Apple / cinematic\n    Wordmark top, headline center, scroll cue bottom. Pure focus on the video. No CTA — discovery via scroll.","choice":"A","id":null,"timestamp":1778683048513}
{"type":"screen-added","file":"/Users/yunhaiee/Documents/GitHub/dochakWebsite/.superpowers/brainstorm/26159-1778682462/content/polish-options.html"}
{"type":"screen-updated","file":"/Users/yunhaiee/Documents/GitHub/dochakWebsite/.superpowers/brainstorm/26159-1778682462/content/polish-options.html"}
{"type":"screen-updated","file":"/Users/yunhaiee/Documents/GitHub/dochakWebsite/.superpowers/brainstorm/26159-1778682462/content/polish-options.html"}
{"type":"screen-updated","file":"/Users/yunhaiee/Documents/GitHub/dochakWebsite/.superpowers/brainstorm/26159-1778682462/content/polish-options.html"}
{"type":"screen-updated","file":"/Users/yunhaiee/Documents/GitHub/dochakWebsite/.superpowers/brainstorm/26159-1778682462/content/polish-options.html"}
{"source":"user-event","type":"click","text":"DOCHAKSMART MOBILITY\n      LIVE\n      \n        Smarter cities.\n        Seamless mobility.\n      \n      \n        SCROLL\n      \n    \n    V2 · Cyan accent\n    Holographic blue accents\n    Cyan (#57bceb — already in your codebase) accents on one word, the scroll line, and the LIVE pulse. Ties UI to the video's holographic palette without being loud.","choice":"V2","id":null,"timestamp":1778683326680}
{"type":"screen-added","file":"/Users/yunhaiee/Documents/GitHub/dochakWebsite/.superpowers/brainstorm/26159-1778682462/content/waiting.html"}
{"type":"screen-updated","file":"/Users/yunhaiee/Documents/GitHub/dochakWebsite/.superpowers/brainstorm/26159-1778682462/content/waiting.html"}
{"type":"screen-updated","file":"/Users/yunhaiee/Documents/GitHub/dochakWebsite/.superpowers/brainstorm/26159-1778682462/content/waiting.html"}
{"type":"screen-updated","file":"/Users/yunhaiee/Documents/GitHub/dochakWebsite/.superpowers/brainstorm/26159-1778682462/content/waiting.html"}
{"type":"screen-updated","file":"/Users/yunhaiee/Documents/GitHub/dochakWebsite/.superpowers/brainstorm/26159-1778682462/content/waiting.html"}
{"type":"server-stopped","reason":"idle timeout"}
